0 info it worked if it ends with ok
1 verbose cli [ '/usr/bin/nodejs',
1 verbose cli   '/usr/local/bin/npm',
1 verbose cli   'i',
1 verbose cli   'nodemon',
1 verbose cli   'server.js' ]
2 info using npm@3.10.10
3 info using node@v6.11.4
4 silly loadCurrentTree Starting
5 silly install loadCurrentTree
6 silly install readLocalPackageData
7 silly fetchPackageMetaData nodemon
8 silly fetchPackageMetaData server.js
9 silly fetchNamedPackageData nodemon
10 silly mapToRegistry name nodemon
11 silly mapToRegistry using default registry
12 silly mapToRegistry registry https://registry.npmjs.org/
13 silly mapToRegistry data Result {
13 silly mapToRegistry   raw: 'nodemon',
13 silly mapToRegistry   scope: null,
13 silly mapToRegistry   escapedName: 'nodemon',
13 silly mapToRegistry   name: 'nodemon',
13 silly mapToRegistry   rawSpec: '',
13 silly mapToRegistry   spec: 'latest',
13 silly mapToRegistry   type: 'tag' }
14 silly mapToRegistry uri https://registry.npmjs.org/nodemon
15 silly fetchOtherPackageData server.js
16 silly cache add args [ 'server.js', null ]
17 verbose cache add spec server.js
18 silly cache add parsed spec Result {
18 silly cache add   raw: 'server.js',
18 silly cache add   scope: null,
18 silly cache add   escapedName: 'server.js',
18 silly cache add   name: null,
18 silly cache add   rawSpec: 'server.js',
18 silly cache add   spec: '/home/simon/Bureau/chat.chat/server.js',
18 silly cache add   type: 'local' }
19 silly addLocalTarball shasum (computed) 57087a9935509232745c00f9737ee981787e7075
20 verbose addTmpTarball /home/simon/Bureau/chat.chat/server.js not in flight; adding
21 verbose correctMkdir /home/simon/.npm correctMkdir not in flight; initializing
22 verbose addTmpTarball validating metadata from /home/simon/Bureau/chat.chat/server.js
23 verbose tar unpack /home/simon/Bureau/chat.chat/server.js
24 verbose tar unpacking to /tmp/npm-13173-674a1a7d/unpack-2fda3c09
25 silly gentlyRm /tmp/npm-13173-674a1a7d/unpack-2fda3c09 is being purged
26 verbose gentlyRm don't care about contents; nuking /tmp/npm-13173-674a1a7d/unpack-2fda3c09
27 silly gunzTarPerm modes [ '775', '664' ]
28 error not a package /home/simon/Bureau/chat.chat/server.js
29 verbose request uri https://registry.npmjs.org/nodemon
30 verbose request no auth needed
31 info attempt registry request try #1 at 21:51:44
32 verbose request id 4a43054f094bfcb0
33 verbose etag W/"e88aced1d8c10066c37e271e75d48c5d"
34 verbose lastModified Sun, 27 May 2018 10:28:17 GMT
35 http request GET https://registry.npmjs.org/nodemon
36 error addLocal Could not install /home/simon/Bureau/chat.chat/server.js
37 silly fetchPackageMetaData Error: ENOENT: no such file or directory, open '/tmp/npm-13173-674a1a7d/unpack-2fda3c09/package.json'
37 silly fetchPackageMetaData     at Error (native)
37 silly fetchPackageMetaData  error for server.js { Error: ENOENT: no such file or directory, open '/tmp/npm-13173-674a1a7d/unpack-2fda3c09/package.json'
37 silly fetchPackageMetaData     at Error (native)
37 silly fetchPackageMetaData   errno: -2,
37 silly fetchPackageMetaData   code: 'ENOENT',
37 silly fetchPackageMetaData   syscall: 'open',
37 silly fetchPackageMetaData   path: '/tmp/npm-13173-674a1a7d/unpack-2fda3c09/package.json' }
38 http 304 https://registry.npmjs.org/nodemon
39 verbose headers { date: 'Sun, 10 Jun 2018 19:51:45 GMT',
39 verbose headers   connection: 'keep-alive',
39 verbose headers   'set-cookie': [ '__cfduid=d37d25955215fad96a6256c13501eb8d31528660305; expires=Mon, 10-Jun-19 19:51:45 GMT; path=/; domain=.registry.npmjs.org; HttpOnly' ],
39 verbose headers   'cache-control': 'max-age=300',
39 verbose headers   'cf-cache-status': 'HIT',
39 verbose headers   'cf-ray': '428e5fdb48dcb7e9-CDG',
39 verbose headers   etag: '"e88aced1d8c10066c37e271e75d48c5d"',
39 verbose headers   'expect-ct': 'max-age=604800, report-uri="https://report-uri.cloudflare.com/cdn-cgi/beacon/expect-ct"',
39 verbose headers   'last-modified': 'Sun, 27 May 2018 10:28:17 GMT',
39 verbose headers   vary: 'accept-encoding, accept',
39 verbose headers   server: 'cloudflare' }
40 silly get cb [ 304,
40 silly get   { date: 'Sun, 10 Jun 2018 19:51:45 GMT',
40 silly get     connection: 'keep-alive',
40 silly get     'set-cookie': [ '__cfduid=d37d25955215fad96a6256c13501eb8d31528660305; expires=Mon, 10-Jun-19 19:51:45 GMT; path=/; domain=.registry.npmjs.org; HttpOnly' ],
40 silly get     'cache-control': 'max-age=300',
40 silly get     'cf-cache-status': 'HIT',
40 silly get     'cf-ray': '428e5fdb48dcb7e9-CDG',
40 silly get     etag: '"e88aced1d8c10066c37e271e75d48c5d"',
40 silly get     'expect-ct': 'max-age=604800, report-uri="https://report-uri.cloudflare.com/cdn-cgi/beacon/expect-ct"',
40 silly get     'last-modified': 'Sun, 27 May 2018 10:28:17 GMT',
40 silly get     vary: 'accept-encoding, accept',
40 silly get     server: 'cloudflare' } ]
41 verbose etag https://registry.npmjs.org/nodemon from cache
42 verbose get saving nodemon to /home/simon/.npm/registry.npmjs.org/nodemon/.cache.json
43 verbose correctMkdir /home/simon/.npm correctMkdir not in flight; initializing
44 silly rollbackFailedOptional Starting
45 silly rollbackFailedOptional Finishing
46 silly runTopLevelLifecycles Finishing
47 silly install printInstalled
48 verbose stack Error: ENOENT: no such file or directory, open '/tmp/npm-13173-674a1a7d/unpack-2fda3c09/package.json'
48 verbose stack     at Error (native)
49 verbose cwd /home/simon/Bureau/chat.chat
50 error Linux 4.13.0-43-generic
51 error argv "/usr/bin/nodejs" "/usr/local/bin/npm" "i" "nodemon" "server.js"
52 error node v6.11.4
53 error npm  v3.10.10
54 error path /tmp/npm-13173-674a1a7d/unpack-2fda3c09/package.json
55 error code ENOENT
56 error errno -2
57 error syscall open
58 error enoent ENOENT: no such file or directory, open '/tmp/npm-13173-674a1a7d/unpack-2fda3c09/package.json'
59 error enoent ENOENT: no such file or directory, open '/tmp/npm-13173-674a1a7d/unpack-2fda3c09/package.json'
59 error enoent This is most likely not a problem with npm itself
59 error enoent and is related to npm not being able to find a file.
60 verbose exit [ -2, true ]
